app/build/intermediates/manifest_merge_blame_file/debug/manifest-merger-blame-debug-report.txt
1<?xml version="1.0" encoding="utf-8"?>
2<manifest xmlns:android="http://schemas.android.com/apk/res/android"
3    package="com.example.dc_ran"
4    android:versionCode="1"
5    android:versionName="1.0" >
6
7    <uses-sdk
8        android:minSdkVersion="24"
8-->src/main/AndroidManifest.xml
9        android:targetSdkVersion="33" />
9-->src/main/AndroidManifest.xml
10
11    <uses-permission android:name="android.permission.INTERNET" />
11-->src/main/AndroidManifest.xml:5:5-66
11-->src/main/AndroidManifest.xml:5:22-64
12
13    <application
13-->src/main/AndroidManifest.xml:7:5-28:19
14        android:name="com.example.dc_ran.DCRan"
14-->src/main/AndroidManifest.xml:8:9-30
15        android:allowBackup="true"
15-->src/main/AndroidManifest.xml:9:9-35
16        android:appComponentFactory="androidx.core.app.CoreComponentFactory"
16-->[androidx.core:core:1.8.0] AndroidManifest.xml:24:18-86
17        android:dataExtractionRules="@xml/data_extraction_rules"
17-->src/main/AndroidManifest.xml:10:9-65
18        android:debuggable="true"
19        android:extractNativeLibs="false"
20        android:fullBackupContent="@xml/backup_rules"
20-->src/main/AndroidManifest.xml:11:9-54
21        android:icon="@mipmap/ic_launcher"
21-->src/main/AndroidManifest.xml:12:9-43
22        android:label="@string/app_name"
22-->src/main/AndroidManifest.xml:13:9-41
23        android:supportsRtl="true"
23-->src/main/AndroidManifest.xml:14:9-35
24        android:theme="@style/Theme.Dcran" >
24-->src/main/AndroidManifest.xml:15:9-43
25        <activity
25-->src/main/AndroidManifest.xml:17:9-27:20
26            android:name="com.example.dc_ran.MainActivity"
26-->src/main/AndroidManifest.xml:18:13-41
27            android:exported="true"
27-->src/main/AndroidManifest.xml:19:13-36
28            android:label="@string/app_name"
28-->src/main/AndroidManifest.xml:20:13-45
29            android:theme="@style/Theme.Dcran" >
29-->src/main/AndroidManifest.xml:21:13-47
30            <intent-filter>
30-->src/main/AndroidManifest.xml:22:13-26:29
31                <action android:name="android.intent.action.MAIN" />
31-->src/main/AndroidManifest.xml:23:17-69
31-->src/main/AndroidManifest.xml:23:25-66
32
33                <category android:name="android.intent.category.LAUNCHER" />
33-->src/main/AndroidManifest.xml:25:17-77
33-->src/main/AndroidManifest.xml:25:27-74
34            </intent-filter>
35        </activity>
36
37        <service
37-->[androidx.room:room-runtime:2.5.0] AndroidManifest.xml:24:9-28:63
38            android:name="androidx.room.MultiInstanceInvalidationService"
38-->[androidx.room:room-runtime:2.5.0] AndroidManifest.xml:25:13-74
39            android:directBootAware="true"
39-->[androidx.room:room-runtime:2.5.0] AndroidManifest.xml:26:13-43
40            android:exported="false" />
40-->[androidx.room:room-runtime:2.5.0] AndroidManifest.xml:27:13-37
41
42        <activity
42-->[androidx.compose.ui:ui-test-manifest:1.2.0] AndroidManifest.xml:24:9-26:39
43            android:name="androidx.activity.ComponentActivity"
43-->[androidx.compose.ui:ui-test-manifest:1.2.0] AndroidManifest.xml:25:13-63
44            android:exported="true" />
44-->[androidx.compose.ui:ui-test-manifest:1.2.0] AndroidManifest.xml:26:13-36
45        <activity
45-->[androidx.compose.ui:ui-tooling:1.2.0] AndroidManifest.xml:24:9-26:39
46            android:name="androidx.compose.ui.tooling.PreviewActivity"
46-->[androidx.compose.ui:ui-tooling:1.2.0] AndroidManifest.xml:25:13-71
47            android:exported="true" />
47-->[androidx.compose.ui:ui-tooling:1.2.0] AndroidManifest.xml:26:13-36
48
49        <provider
49-->[androidx.profileinstaller:profileinstaller:1.2.0] AndroidManifest.xml:25:9-33:20
50            android:name="androidx.startup.InitializationProvider"
50-->[androidx.profileinstaller:profileinstaller:1.2.0] AndroidManifest.xml:26:13-67
51            android:authorities="com.example.dc_ran.androidx-startup"
51-->[androidx.profileinstaller:profileinstaller:1.2.0] AndroidManifest.xml:27:13-68
52            android:exported="false" >
52-->[androidx.profileinstaller:profileinstaller:1.2.0] AndroidManifest.xml:28:13-37
53            <meta-data
53-->[androidx.profileinstaller:profileinstaller:1.2.0] AndroidManifest.xml:30:13-32:52
54                android:name="androidx.profileinstaller.ProfileInstallerInitializer"
54-->[androidx.profileinstaller:profileinstaller:1.2.0] AndroidManifest.xml:31:17-85
55                android:value="androidx.startup" />
55-->[androidx.profileinstaller:profileinstaller:1.2.0] AndroidManifest.xml:32:17-49
56        </provider>
57
58        <receiver
58-->[androidx.profileinstaller:profileinstaller:1.2.0] AndroidManifest.xml:35:9-47:20
59            android:name="androidx.profileinstaller.ProfileInstallReceiver"
59-->[androidx.profileinstaller:profileinstaller:1.2.0] AndroidManifest.xml:36:13-76
60            android:directBootAware="false"
60-->[androidx.profileinstaller:profileinstaller:1.2.0] AndroidManifest.xml:37:13-44
61            android:enabled="true"
61-->[androidx.profileinstaller:profileinstaller:1.2.0] AndroidManifest.xml:38:13-35
62            android:exported="true"
62-->[androidx.profileinstaller:profileinstaller:1.2.0] AndroidManifest.xml:39:13-36
63            android:permission="android.permission.DUMP" >
63-->[androidx.profileinstaller:profileinstaller:1.2.0] AndroidManifest.xml:40:13-57
64            <intent-filter>
64-->[androidx.profileinstaller:profileinstaller:1.2.0] AndroidManifest.xml:41:13-43:29
65                <action android:name="androidx.profileinstaller.action.INSTALL_PROFILE" />
65-->[androidx.profileinstaller:profileinstaller:1.2.0] AndroidManifest.xml:42:17-91
65-->[androidx.profileinstaller:profileinstaller:1.2.0] AndroidManifest.xml:42:25-88
66            </intent-filter>
67            <intent-filter>
67-->[androidx.profileinstaller:profileinstaller:1.2.0] AndroidManifest.xml:44:13-46:29
68                <action android:name="androidx.profileinstaller.action.SKIP_FILE" />
68-->[androidx.profileinstaller:profileinstaller:1.2.0] AndroidManifest.xml:45:17-85
68-->[androidx.profileinstaller:profileinstaller:1.2.0] AndroidManifest.xml:45:25-82
69            </intent-filter>
70        </receiver>
71
72        <meta-data
72-->[com.google.android.gms:play-services-basement:16.0.1] AndroidManifest.xml:23:9-25:69
73            android:name="com.google.android.gms.version"
73-->[com.google.android.gms:play-services-basement:16.0.1] AndroidManifest.xml:24:13-58
74            android:value="@integer/google_play_services_version" />
74-->[com.google.android.gms:play-services-basement:16.0.1] AndroidManifest.xml:25:13-66
75    </application>
76
77</manifest>